HelloARImageTargetData/app/build/outputs/logs/manifest-merger-debug-report.txt
-- Merging decision tree log ---
manifest
ADDED from src/main/AndroidManifest.xml:2:1-22:12
INJECTED from src/main/AndroidManifest.xml:2:1-22:12
INJECTED from src/main/AndroidManifest.xml:2:1-22:12
INJECTED from src/main/AndroidManifest.xml:2:1-22:12
MERGED from [EasyAR.aar] AndroidManifest.xml:1:1-2:12
INJECTED from src/main/AndroidManifest.xml:2:1-22:12
INJECTED from src/main/AndroidManifest.xml:2:1-22:12
INJECTED from src/main/AndroidManifest.xml:2:1-22:12
	package
		ADDED from src/main/AndroidManifest.xml:3:5-55
		INJECTED from src/main/AndroidManifest.xml
		INJECTED from src/main/AndroidManifest.xml
	android:versionName
		INJECTED from src/main/AndroidManifest.xml
		ADDED from src/main/AndroidManifest.xml:2:1-22:12
		INJECTED from src/main/AndroidManifest.xml
	android:versionCode
		INJECTED from src/main/AndroidManifest.xml
		ADDED from src/main/AndroidManifest.xml:2:1-22:12
		INJECTED from src/main/AndroidManifest.xml
	xmlns:android
		ADDED from src/main/AndroidManifest.xml:2:11-69
uses-permission#android.permission.CAMERA
ADDED from src/main/AndroidManifest.xml:4:5-65
	android:name
		ADDED from src/main/AndroidManifest.xml:4:22-62
uses-permission#android.permission.INTERNET
ADDED from src/main/AndroidManifest.xml:5:5-67
	android:name
		ADDED from src/main/AndroidManifest.xml:5:22-64
application
ADDED from src/main/AndroidManifest.xml:6:5-21:19
	android:label
		ADDED from src/main/AndroidManifest.xml:9:9-41
	android:icon
		ADDED from src/main/AndroidManifest.xml:8:9-43
	android:allowBackup
		ADDED from src/main/AndroidManifest.xml:7:9-35
	android:theme
		ADDED from src/main/AndroidManifest.xml:10:9-40
activity#cn.easyar.samples.helloarimagetargetdata.MainActivity
ADDED from src/main/AndroidManifest.xml:11:9-19:20
	android:label
		ADDED from src/main/AndroidManifest.xml:13:13-45
	android:name
		ADDED from src/main/AndroidManifest.xml:12:13-81
intent-filter#action:name:android.intent.action.MAIN+category:name:android.intent.category.LAUNCHER
ADDED from src/main/AndroidManifest.xml:14:13-18:29
action#android.intent.action.MAIN
ADDED from src/main/AndroidManifest.xml:15:17-69
	android:name
		ADDED from src/main/AndroidManifest.xml:15:25-66
category#android.intent.category.LAUNCHER
ADDED from src/main/AndroidManifest.xml:17:17-77
	android:name
		ADDED from src/main/AndroidManifest.xml:17:27-74
activity#cn.easyar.samples.helloarimagetargetdata.ARActivity
ADDED from src/main/AndroidManifest.xml:20:9-209
	android:screenOrientation
		ADDED from src/main/AndroidManifest.xml:20:86-125
	android:configChanges
		ADDED from src/main/AndroidManifest.xml:20:126-206
	android:name
		ADDED from src/main/AndroidManifest.xml:20:19-85
uses-sdk
INJECTED from src/main/AndroidManifest.xml reason: use-sdk injection requested
INJECTED from src/main/AndroidManifest.xml
INJECTED from src/main/AndroidManifest.xml
INJECTED from src/main/AndroidManifest.xml
INJECTED from src/main/AndroidManifest.xml
	android:targetSdkVersion
		INJECTED from src/main/AndroidManifest.xml
		ADDED from src/main/AndroidManifest.xml
		INJECTED from src/main/AndroidManifest.xml
	android:minSdkVersion
		INJECTED from src/main/AndroidManifest.xml
		ADDED from src/main/AndroidManifest.xml
		INJECTED from src/main/AndroidManifest.xml
uses-permission#android.permission.WRITE_EXTERNAL_STORAGE
IMPLIED from src/main/AndroidManifest.xml:2:1-22:12 reason: cn.easyar.engine has a targetSdkVersion < 4
uses-permission#android.permission.READ_PHONE_STATE
IMPLIED from src/main/AndroidManifest.xml:2:1-22:12 reason: cn.easyar.engine has a targetSdkVersion < 4
uses-permission#android.permission.READ_EXTERNAL_STORAGE
IMPLIED from src/main/AndroidManifest.xml:2:1-22:12 reason: cn.easyar.engine requested WRITE_EXTERNAL_STORAGE